E:\PROJECT\PYRAMIDMATCHSCORE\PYRAMIDMATCHSCORE\CLEAN\X64\RELEASE\PMS.OBJ
E:\PROJECT\PYRAMIDMATCHSCORE\PYRAMIDMATCHSCORE\CLEAN\X64\RELEASE\MAIN.OBJ
E:\PROJECT\PYRAMIDMATCHSCORE\PYRAMIDMATCHSCORE\CLEAN\X64\RELEASE\FILEIO.OBJ
E:\PROJECT\PYRAMIDMATCHSCORE\PYRAMIDMATCHSCORE\CLEAN\X64\RELEASE\VC100.PDB
E:\PROJECT\PYRAMIDMATCHSCORE\PYRAMIDMATCHSCORE\CLEAN\X64\RELEASE\VC110.PDB
E:\PROJECT\PYRAMIDMATCHSCORE\PYRAMIDMATCHSCORE\X64\RELEASE\PYRAMIDMATCHSCORE.EXE
E:\project\PyramidMatchScore\PyramidMatchScore\clean\x64\Release\FileIO.obj
E:\project\PyramidMatchScore\PyramidMatchScore\clean\x64\Release\main.obj
E:\project\PyramidMatchScore\PyramidMatchScore\clean\x64\Release\PMS.obj
E:\project\PyramidMatchScore\PyramidMatchScore\clean\x64\Release\cl.command.1.tlog
E:\project\PyramidMatchScore\PyramidMatchScore\clean\x64\Release\CL.read.1.tlog
E:\project\PyramidMatchScore\PyramidMatchScore\clean\x64\Release\CL.write.1.tlog
E:\project\PyramidMatchScore\PyramidMatchScore\clean\x64\Release\link-cvtres.read.1.tlog
E:\project\PyramidMatchScore\PyramidMatchScore\clean\x64\Release\link-cvtres.write.1.tlog
E:\project\PyramidMatchScore\PyramidMatchScore\clean\x64\Release\link-rc.read.1.tlog
E:\project\PyramidMatchScore\PyramidMatchScore\clean\x64\Release\link-rc.write.1.tlog
E:\project\PyramidMatchScore\PyramidMatchScore\clean\x64\Release\link.command.1.tlog
E:\project\PyramidMatchScore\PyramidMatchScore\clean\x64\Release\link.read.1.tlog
E:\project\PyramidMatchScore\PyramidMatchScore\clean\x64\Release\link.write.1.tlog
E:\project\PyramidMatchScore\PyramidMatchScore\clean\x64\Release\mt.command.1.tlog
E:\project\PyramidMatchScore\PyramidMatchScore\clean\x64\Release\mt.read.1.tlog
E:\project\PyramidMatchScore\PyramidMatchScore\clean\x64\Release\mt.write.1.tlog
E:\project\PyramidMatchScore\PyramidMatchScore\clean\x64\Release\pyramidMatchScore.exe.intermediate.manifest
E:\project\PyramidMatchScore\PyramidMatchScore\clean\x64\Release\vc100.pdb
E:\project\PyramidMatchScore\PyramidMatchScore\clean\x64\Release\vc110.pdb
E:\project\PyramidMatchScore\PyramidMatchScore\x64\Release\pyramidMatchScore.pdb
