D:\PROJECT\PMSVOC\PMSPOS\CLEAN\X64\RELEASE\TEST.OBJ
D:\PROJECT\PMSVOC\PMSPOS\CLEAN\X64\RELEASE\SOURCE.OBJ
D:\PROJECT\PMSVOC\PMSPOS\CLEAN\X64\RELEASE\ADABOOST.OBJ
D:\PROJECT\PMSVOC\PMSPOS\CLEAN\X64\RELEASE\PMS.OBJ
D:\PROJECT\PMSVOC\PMSPOS\CLEAN\X64\RELEASE\FILEIO.OBJ
D:\PROJECT\PMSVOC\PMSPOS\CLEAN\X64\RELEASE\VC110.PDB
D:\project\pmsvoc\PMSPos\clean\x64\Release\adaboost.obj
D:\project\pmsvoc\PMSPos\clean\x64\Release\FileIO.obj
D:\project\pmsvoc\PMSPos\clean\x64\Release\PMS.obj
D:\project\pmsvoc\PMSPos\clean\x64\Release\Source.obj
D:\project\pmsvoc\PMSPos\clean\x64\Release\test.obj
D:\project\pmsvoc\PMSPos\clean\x64\Release\cl.command.1.tlog
D:\project\pmsvoc\PMSPos\clean\x64\Release\CL.read.1.tlog
D:\project\pmsvoc\PMSPos\clean\x64\Release\CL.write.1.tlog
D:\project\pmsvoc\PMSPos\clean\x64\Release\link-cvtres.read.1.tlog
D:\project\pmsvoc\PMSPos\clean\x64\Release\link-cvtres.write.1.tlog
D:\project\pmsvoc\PMSPos\clean\x64\Release\link-rc.read.1.tlog
D:\project\pmsvoc\PMSPos\clean\x64\Release\link-rc.write.1.tlog
D:\project\pmsvoc\PMSPos\clean\x64\Release\link.command.1.tlog
D:\project\pmsvoc\PMSPos\clean\x64\Release\link.read.1.tlog
D:\project\pmsvoc\PMSPos\clean\x64\Release\link.write.1.tlog
D:\project\pmsvoc\PMSPos\clean\x64\Release\vc110.pdb
D:\project\pmsvoc\PMSPos\x64\Release\pyramidMS.pdb
