J:\PROJECT\ROBUSTHT\SHOWC\SHOWC\DEBUG\MAIN.OBJ
J:\PROJECT\ROBUSTHT\SHOWC\SHOWC\DEBUG\VC100.PDB
E:\PROJECT\ROBUSTHT\SHOWC\SHOWC\DEBUG\MAIN.OBJ
E:\PROJECT\ROBUSTHT\SHOWC\SHOWC\DEBUG\VC110.PDB
J:\PROJECT\ROBUSTHT\SHOWC\DEBUG\SHOWC.ILK
J:\PROJECT\ROBUSTHT\SHOWC\DEBUG\SHOWC.EXE
J:\PROJECT\ROBUSTHT\SHOWC\SHOWC\DEBUG\SHOWC.EXE.INTERMEDIATE.MANIFEST
J:\PROJECT\ROBUSTHT\SHOWC\DEBUG\SHOWC.PDB
J:\PROJECT\ROBUSTHT\SHOWC\SHOWC\DEBUG\SHOWC.EXE.EMBED.MANIFEST
J:\PROJECT\ROBUSTHT\SHOWC\SHOWC\DEBUG\SHOWC.EXE.EMBED.MANIFEST.RES
E:\project\RobustHT\showC\showC\Debug\main.obj
E:\project\RobustHT\showC\showC\Debug\cl.command.1.tlog
E:\project\RobustHT\showC\showC\Debug\CL.read.1.tlog
E:\project\RobustHT\showC\showC\Debug\CL.write.1.tlog
E:\project\RobustHT\showC\showC\Debug\link-cvtres.read.1.tlog
E:\project\RobustHT\showC\showC\Debug\link-cvtres.write.1.tlog
E:\project\RobustHT\showC\showC\Debug\link-rc.read.1.tlog
E:\project\RobustHT\showC\showC\Debug\link-rc.write.1.tlog
E:\project\RobustHT\showC\showC\Debug\link.6860-cvtres.read.1.tlog
E:\project\RobustHT\showC\showC\Debug\link.6860-cvtres.write.1.tlog
E:\project\RobustHT\showC\showC\Debug\link.6860.read.1.tlog
E:\project\RobustHT\showC\showC\Debug\link.6860.write.1.tlog
E:\project\RobustHT\showC\showC\Debug\link.command.1.tlog
E:\project\RobustHT\showC\showC\Debug\link.read.1.tlog
E:\project\RobustHT\showC\showC\Debug\link.write.1.tlog
E:\project\RobustHT\showC\showC\Debug\mt.command.1.tlog
E:\project\RobustHT\showC\showC\Debug\mt.read.1.tlog
E:\project\RobustHT\showC\showC\Debug\mt.write.1.tlog
E:\project\RobustHT\showC\showC\Debug\rc.command.1.tlog
E:\project\RobustHT\showC\showC\Debug\rc.read.1.tlog
E:\project\RobustHT\showC\showC\Debug\rc.write.1.tlog
E:\project\RobustHT\showC\showC\Debug\showC.exe.embed.manifest
E:\project\RobustHT\showC\showC\Debug\showC.exe.intermediate.manifest
E:\project\RobustHT\showC\showC\Debug\showC.exe.embed.manifest.res
E:\project\RobustHT\showC\showC\Debug\vc100.idb
E:\project\RobustHT\showC\showC\Debug\vc110.idb
E:\project\RobustHT\showC\showC\Debug\vc100.pdb
E:\project\RobustHT\showC\showC\Debug\vc110.pdb
E:\project\RobustHT\showC\showC\Debug\showC_manifest.rc
E:\project\RobustHT\showC\Debug\showC.pdb
