Build started 2013-07-21 21:43:29.
     1>Project "D:\project\PyramidMatchScore\PMSPos\clean\clean.vcxproj" on node 2 (Build target(s)).
     1>ClCompile:
         C:\Program Files (x86)\Microsoft Visual Studio 11.0\VC\bin\x86_amd64\CL.exe /c /ID:\Downloads\opencv\build\include /ID:\Downloads\opencv\build\include\opencv /Zi /nologo /W3 /WX- /Od /D WIN32 /D _DEBUG /D _CONSOLE /D _UNICODE /D UNICODE /Gm /EHsc /RTC1 /MDd /GS /fp:precise /Zc:wchar_t /Zc:forScope /Fo"x64\Debug\\" /Fd"x64\Debug\vc110.pdb" /Gd /TP /errorReport:prompt Source.cpp
         Source.cpp
     1>d:\project\pyramidmatchscore\pmspos\clean\VecDeal.h(245): warning C4996: 'fscanf': This function or variable may be unsafe. Consider using fscanf_s instead. To disable deprecation, use _CRT_SECURE_NO_WARNINGS. See online help for details.
                 C:\Program Files (x86)\Microsoft Visual Studio 11.0\VC\include\stdio.h(237) : see declaration of 'fscanf'
     1>d:\project\pyramidmatchscore\pmspos\clean\VecDeal.h(248): warning C4996: 'fscanf': This function or variable may be unsafe. Consider using fscanf_s instead. To disable deprecation, use _CRT_SECURE_NO_WARNINGS. See online help for details.
                 C:\Program Files (x86)\Microsoft Visual Studio 11.0\VC\include\stdio.h(237) : see declaration of 'fscanf'
     1>d:\project\pyramidmatchscore\pmspos\clean\../../../fileIoinclude/FileInOut.h(6): warning C4005: '_CRT_SECURE_CPP_OVERLOAD_STANDARD_NAMES' : macro redefinition
                 C:\Program Files (x86)\Microsoft Visual Studio 11.0\VC\include\crtdefs.h(355) : see previous definition of '_CRT_SECURE_CPP_OVERLOAD_STANDARD_NAMES'
     1>Source.cpp(277): warning C4267: 'argument' : conversion from 'size_t' to 'int', possible loss of data
       Link:
         C:\Program Files (x86)\Microsoft Visual Studio 11.0\VC\bin\x86_amd64\link.exe /ERRORREPORT:PROMPT /OUT:"D:\project\PyramidMatchScore\PMSPos\x64\Debug\pyramidMS.exe" /INCREMENTAL /NOLOGO /LIBPATH:D:\Downloads\opencv\build\x64\vc10\lib opencv_core231d.lib opencv_imgproc231d.lib opencv_highgui231d.lib opencv_ml231d.lib opencv_video231d.lib opencv_features2d231d.lib opencv_calib3d231d.lib opencv_objdetect231d.lib opencv_contrib231d.lib opencv_legacy231d.lib opencv_flann231d.lib kernel32.lib user32.lib gdi32.lib winspool.lib comdlg32.lib advapi32.lib shell32.lib ole32.lib oleaut32.lib uuid.lib odbc32.lib odbccp32.lib /MANIFEST /MANIFESTUAC:"level='asInvoker' uiAccess='false'" /manifest:embed /DEBUG /PDB:"D:\project\PyramidMatchScore\PMSPos\x64\Debug\pyramidMS.pdb" /SUBSYSTEM:CONSOLE /TLBID:1 /DYNAMICBASE /NXCOMPAT /IMPLIB:"D:\project\PyramidMatchScore\PMSPos\x64\Debug\pyramidMS.lib" /MACHINE:X64 x64\Debug\FileIO.obj
         x64\Debug\adaboost.obj
         x64\Debug\PMS.obj
         x64\Debug\Source.obj
         clean.vcxproj -> D:\project\PyramidMatchScore\PMSPos\x64\Debug\pyramidMS.exe
     1>Done Building Project "D:\project\PyramidMatchScore\PMSPos\clean\clean.vcxproj" (Build target(s)).

Build succeeded.

Time Elapsed 00:00:06.94
