E:\PROJECT\PYRAMIDMATCHSCORE\PYRAMIDMATCHSCORE\CLEAN\X64\DEBUG\FILEIO.OBJ
E:\PROJECT\PYRAMIDMATCHSCORE\PYRAMIDMATCHSCORE\CLEAN\X64\DEBUG\MAIN.OBJ
E:\PROJECT\PYRAMIDMATCHSCORE\PYRAMIDMATCHSCORE\CLEAN\X64\DEBUG\PMS.OBJ
E:\PROJECT\PYRAMIDMATCHSCORE\PYRAMIDMATCHSCORE\CLEAN\X64\DEBUG\VC110.PDB
E:\PROJECT\PYRAMIDMATCHSCORE\PMS\CLEAN\X64\DEBUG\MAIN.OBJ
E:\PROJECT\PYRAMIDMATCHSCORE\PMS\CLEAN\X64\DEBUG\SOURCE.OBJ
E:\PROJECT\PYRAMIDMATCHSCORE\PMS\CLEAN\X64\DEBUG\PMS.OBJ
E:\PROJECT\PYRAMIDMATCHSCORE\PMS\CLEAN\X64\DEBUG\VC110.PDB
E:\PROJECT\PYRAMIDMATCHSCORE\PYRAMIDMATCHSCORE\X64\DEBUG\PYRAMIDMATCHSCORE.ILK
E:\PROJECT\PYRAMIDMATCHSCORE\PYRAMIDMATCHSCORE\X64\DEBUG\PYRAMIDMATCHSCORE.EXE
E:\PROJECT\PYRAMIDMATCHSCORE\PYRAMIDMATCHSCORE\X64\DEBUG\PYRAMIDMATCHSCORE.PDB
E:\PROJECT\PYRAMIDMATCHSCORE\PMS\X64\DEBUG\PYRAMIDMATCHSCORE.ILK
E:\PROJECT\PYRAMIDMATCHSCORE\PMS\X64\DEBUG\PYRAMIDMATCHSCORE.EXE
E:\PROJECT\PYRAMIDMATCHSCORE\PMS\X64\DEBUG\PYRAMIDMATCHSCORE.PDB
E:\project\pyramidMatchScore\PMS\clean\x64\Debug\FileIO.obj
E:\project\pyramidMatchScore\PMS\clean\x64\Debug\main.obj
E:\project\pyramidMatchScore\PMS\clean\x64\Debug\PMS.obj
E:\project\pyramidMatchScore\PMS\clean\x64\Debug\Source.obj
E:\project\pyramidMatchScore\PMS\clean\x64\Debug\cl.command.1.tlog
E:\project\pyramidMatchScore\PMS\clean\x64\Debug\CL.read.1.tlog
E:\project\pyramidMatchScore\PMS\clean\x64\Debug\CL.write.1.tlog
E:\project\pyramidMatchScore\PMS\clean\x64\Debug\link-cvtres.read.1.tlog
E:\project\pyramidMatchScore\PMS\clean\x64\Debug\link-cvtres.write.1.tlog
E:\project\pyramidMatchScore\PMS\clean\x64\Debug\link-rc.read.1.tlog
E:\project\pyramidMatchScore\PMS\clean\x64\Debug\link-rc.write.1.tlog
E:\project\pyramidMatchScore\PMS\clean\x64\Debug\link.10396-cvtres.read.1.tlog
E:\project\pyramidMatchScore\PMS\clean\x64\Debug\link.10396-cvtres.write.1.tlog
E:\project\pyramidMatchScore\PMS\clean\x64\Debug\link.10396-rc.read.1.tlog
E:\project\pyramidMatchScore\PMS\clean\x64\Debug\link.10396-rc.write.1.tlog
E:\project\pyramidMatchScore\PMS\clean\x64\Debug\link.10396.read.1.tlog
E:\project\pyramidMatchScore\PMS\clean\x64\Debug\link.10396.write.1.tlog
E:\project\pyramidMatchScore\PMS\clean\x64\Debug\link.10420-cvtres.read.1.tlog
E:\project\pyramidMatchScore\PMS\clean\x64\Debug\link.10420-cvtres.write.1.tlog
E:\project\pyramidMatchScore\PMS\clean\x64\Debug\link.10420-rc.read.1.tlog
E:\project\pyramidMatchScore\PMS\clean\x64\Debug\link.10420-rc.write.1.tlog
E:\project\pyramidMatchScore\PMS\clean\x64\Debug\link.10420.read.1.tlog
E:\project\pyramidMatchScore\PMS\clean\x64\Debug\link.10420.write.1.tlog
E:\project\pyramidMatchScore\PMS\clean\x64\Debug\link.10568-cvtres.read.1.tlog
E:\project\pyramidMatchScore\PMS\clean\x64\Debug\link.10568-cvtres.write.1.tlog
E:\project\pyramidMatchScore\PMS\clean\x64\Debug\link.10568-rc.read.1.tlog
E:\project\pyramidMatchScore\PMS\clean\x64\Debug\link.10568-rc.write.1.tlog
E:\project\pyramidMatchScore\PMS\clean\x64\Debug\link.10568.read.1.tlog
E:\project\pyramidMatchScore\PMS\clean\x64\Debug\link.10568.write.1.tlog
E:\project\pyramidMatchScore\PMS\clean\x64\Debug\link.10824-cvtres.read.1.tlog
E:\project\pyramidMatchScore\PMS\clean\x64\Debug\link.10824-cvtres.write.1.tlog
E:\project\pyramidMatchScore\PMS\clean\x64\Debug\link.10824-rc.read.1.tlog
E:\project\pyramidMatchScore\PMS\clean\x64\Debug\link.10824-rc.write.1.tlog
E:\project\pyramidMatchScore\PMS\clean\x64\Debug\link.10824.read.1.tlog
E:\project\pyramidMatchScore\PMS\clean\x64\Debug\link.10824.write.1.tlog
E:\project\pyramidMatchScore\PMS\clean\x64\Debug\link.11000-cvtres.read.1.tlog
E:\project\pyramidMatchScore\PMS\clean\x64\Debug\link.11000-cvtres.write.1.tlog
E:\project\pyramidMatchScore\PMS\clean\x64\Debug\link.11000-rc.read.1.tlog
E:\project\pyramidMatchScore\PMS\clean\x64\Debug\link.11000-rc.write.1.tlog
E:\project\pyramidMatchScore\PMS\clean\x64\Debug\link.11000.read.1.tlog
E:\project\pyramidMatchScore\PMS\clean\x64\Debug\link.11000.write.1.tlog
E:\project\pyramidMatchScore\PMS\clean\x64\Debug\link.11080-cvtres.read.1.tlog
E:\project\pyramidMatchScore\PMS\clean\x64\Debug\link.11080-cvtres.write.1.tlog
E:\project\pyramidMatchScore\PMS\clean\x64\Debug\link.11080-rc.read.1.tlog
E:\project\pyramidMatchScore\PMS\clean\x64\Debug\link.11080-rc.write.1.tlog
E:\project\pyramidMatchScore\PMS\clean\x64\Debug\link.11080.read.1.tlog
E:\project\pyramidMatchScore\PMS\clean\x64\Debug\link.11080.write.1.tlog
E:\project\pyramidMatchScore\PMS\clean\x64\Debug\link.12100-cvtres.read.1.tlog
E:\project\pyramidMatchScore\PMS\clean\x64\Debug\link.12100-cvtres.write.1.tlog
E:\project\pyramidMatchScore\PMS\clean\x64\Debug\link.12100-rc.read.1.tlog
E:\project\pyramidMatchScore\PMS\clean\x64\Debug\link.12100-rc.write.1.tlog
E:\project\pyramidMatchScore\PMS\clean\x64\Debug\link.12100.read.1.tlog
E:\project\pyramidMatchScore\PMS\clean\x64\Debug\link.12100.write.1.tlog
E:\project\pyramidMatchScore\PMS\clean\x64\Debug\link.13192-cvtres.read.1.tlog
E:\project\pyramidMatchScore\PMS\clean\x64\Debug\link.13192-cvtres.write.1.tlog
E:\project\pyramidMatchScore\PMS\clean\x64\Debug\link.13192-rc.read.1.tlog
E:\project\pyramidMatchScore\PMS\clean\x64\Debug\link.13192-rc.write.1.tlog
E:\project\pyramidMatchScore\PMS\clean\x64\Debug\link.13192.read.1.tlog
E:\project\pyramidMatchScore\PMS\clean\x64\Debug\link.13192.write.1.tlog
E:\project\pyramidMatchScore\PMS\clean\x64\Debug\link.4328-cvtres.read.1.tlog
E:\project\pyramidMatchScore\PMS\clean\x64\Debug\link.4328-cvtres.write.1.tlog
E:\project\pyramidMatchScore\PMS\clean\x64\Debug\link.4328-rc.read.1.tlog
E:\project\pyramidMatchScore\PMS\clean\x64\Debug\link.4328-rc.write.1.tlog
E:\project\pyramidMatchScore\PMS\clean\x64\Debug\link.4328.read.1.tlog
E:\project\pyramidMatchScore\PMS\clean\x64\Debug\link.4328.write.1.tlog
E:\project\pyramidMatchScore\PMS\clean\x64\Debug\link.4712-cvtres.read.1.tlog
E:\project\pyramidMatchScore\PMS\clean\x64\Debug\link.4712-cvtres.write.1.tlog
E:\project\pyramidMatchScore\PMS\clean\x64\Debug\link.4712-rc.read.1.tlog
E:\project\pyramidMatchScore\PMS\clean\x64\Debug\link.4712-rc.write.1.tlog
E:\project\pyramidMatchScore\PMS\clean\x64\Debug\link.4712.read.1.tlog
E:\project\pyramidMatchScore\PMS\clean\x64\Debug\link.4712.write.1.tlog
E:\project\pyramidMatchScore\PMS\clean\x64\Debug\link.5772-cvtres.read.1.tlog
E:\project\pyramidMatchScore\PMS\clean\x64\Debug\link.5772-cvtres.write.1.tlog
E:\project\pyramidMatchScore\PMS\clean\x64\Debug\link.5772-rc.read.1.tlog
E:\project\pyramidMatchScore\PMS\clean\x64\Debug\link.5772-rc.write.1.tlog
E:\project\pyramidMatchScore\PMS\clean\x64\Debug\link.5772.read.1.tlog
E:\project\pyramidMatchScore\PMS\clean\x64\Debug\link.5772.write.1.tlog
E:\project\pyramidMatchScore\PMS\clean\x64\Debug\link.7176-cvtres.read.1.tlog
E:\project\pyramidMatchScore\PMS\clean\x64\Debug\link.7176-cvtres.write.1.tlog
E:\project\pyramidMatchScore\PMS\clean\x64\Debug\link.7176-rc.read.1.tlog
E:\project\pyramidMatchScore\PMS\clean\x64\Debug\link.7176-rc.write.1.tlog
E:\project\pyramidMatchScore\PMS\clean\x64\Debug\link.7176.read.1.tlog
E:\project\pyramidMatchScore\PMS\clean\x64\Debug\link.7176.write.1.tlog
E:\project\pyramidMatchScore\PMS\clean\x64\Debug\link.8120-cvtres.read.1.tlog
E:\project\pyramidMatchScore\PMS\clean\x64\Debug\link.8120-cvtres.write.1.tlog
E:\project\pyramidMatchScore\PMS\clean\x64\Debug\link.8120-rc.read.1.tlog
E:\project\pyramidMatchScore\PMS\clean\x64\Debug\link.8120-rc.write.1.tlog
E:\project\pyramidMatchScore\PMS\clean\x64\Debug\link.8120.read.1.tlog
E:\project\pyramidMatchScore\PMS\clean\x64\Debug\link.8120.write.1.tlog
E:\project\pyramidMatchScore\PMS\clean\x64\Debug\link.8676-cvtres.read.1.tlog
E:\project\pyramidMatchScore\PMS\clean\x64\Debug\link.8676-cvtres.write.1.tlog
E:\project\pyramidMatchScore\PMS\clean\x64\Debug\link.8676-rc.read.1.tlog
E:\project\pyramidMatchScore\PMS\clean\x64\Debug\link.8676-rc.write.1.tlog
E:\project\pyramidMatchScore\PMS\clean\x64\Debug\link.8676.read.1.tlog
E:\project\pyramidMatchScore\PMS\clean\x64\Debug\link.8676.write.1.tlog
E:\project\pyramidMatchScore\PMS\clean\x64\Debug\link.8840-cvtres.read.1.tlog
E:\project\pyramidMatchScore\PMS\clean\x64\Debug\link.8840-cvtres.write.1.tlog
E:\project\pyramidMatchScore\PMS\clean\x64\Debug\link.8840-rc.read.1.tlog
E:\project\pyramidMatchScore\PMS\clean\x64\Debug\link.8840-rc.write.1.tlog
E:\project\pyramidMatchScore\PMS\clean\x64\Debug\link.8840.read.1.tlog
E:\project\pyramidMatchScore\PMS\clean\x64\Debug\link.8840.write.1.tlog
E:\project\pyramidMatchScore\PMS\clean\x64\Debug\link.9080-cvtres.read.1.tlog
E:\project\pyramidMatchScore\PMS\clean\x64\Debug\link.9080-cvtres.write.1.tlog
E:\project\pyramidMatchScore\PMS\clean\x64\Debug\link.9080-rc.read.1.tlog
E:\project\pyramidMatchScore\PMS\clean\x64\Debug\link.9080-rc.write.1.tlog
E:\project\pyramidMatchScore\PMS\clean\x64\Debug\link.9080.read.1.tlog
E:\project\pyramidMatchScore\PMS\clean\x64\Debug\link.9080.write.1.tlog
E:\project\pyramidMatchScore\PMS\clean\x64\Debug\link.9088-cvtres.read.1.tlog
E:\project\pyramidMatchScore\PMS\clean\x64\Debug\link.9088-cvtres.write.1.tlog
E:\project\pyramidMatchScore\PMS\clean\x64\Debug\link.9088-rc.read.1.tlog
E:\project\pyramidMatchScore\PMS\clean\x64\Debug\link.9088-rc.write.1.tlog
E:\project\pyramidMatchScore\PMS\clean\x64\Debug\link.9088.read.1.tlog
E:\project\pyramidMatchScore\PMS\clean\x64\Debug\link.9088.write.1.tlog
E:\project\pyramidMatchScore\PMS\clean\x64\Debug\link.9200-cvtres.read.1.tlog
E:\project\pyramidMatchScore\PMS\clean\x64\Debug\link.9200-cvtres.write.1.tlog
E:\project\pyramidMatchScore\PMS\clean\x64\Debug\link.9200-rc.read.1.tlog
E:\project\pyramidMatchScore\PMS\clean\x64\Debug\link.9200-rc.write.1.tlog
E:\project\pyramidMatchScore\PMS\clean\x64\Debug\link.9200.read.1.tlog
E:\project\pyramidMatchScore\PMS\clean\x64\Debug\link.9200.write.1.tlog
E:\project\pyramidMatchScore\PMS\clean\x64\Debug\link.9364-cvtres.read.1.tlog
E:\project\pyramidMatchScore\PMS\clean\x64\Debug\link.9364-cvtres.write.1.tlog
E:\project\pyramidMatchScore\PMS\clean\x64\Debug\link.9364-rc.read.1.tlog
E:\project\pyramidMatchScore\PMS\clean\x64\Debug\link.9364-rc.write.1.tlog
E:\project\pyramidMatchScore\PMS\clean\x64\Debug\link.9364.read.1.tlog
E:\project\pyramidMatchScore\PMS\clean\x64\Debug\link.9364.write.1.tlog
E:\project\pyramidMatchScore\PMS\clean\x64\Debug\link.9632-cvtres.read.1.tlog
E:\project\pyramidMatchScore\PMS\clean\x64\Debug\link.9632-cvtres.write.1.tlog
E:\project\pyramidMatchScore\PMS\clean\x64\Debug\link.9632-rc.read.1.tlog
E:\project\pyramidMatchScore\PMS\clean\x64\Debug\link.9632-rc.write.1.tlog
E:\project\pyramidMatchScore\PMS\clean\x64\Debug\link.9632.read.1.tlog
E:\project\pyramidMatchScore\PMS\clean\x64\Debug\link.9632.write.1.tlog
E:\project\pyramidMatchScore\PMS\clean\x64\Debug\link.command.1.tlog
E:\project\pyramidMatchScore\PMS\clean\x64\Debug\link.read.1.tlog
E:\project\pyramidMatchScore\PMS\clean\x64\Debug\link.write.1.tlog
E:\project\pyramidMatchScore\PMS\clean\x64\Debug\vc110.idb
E:\project\pyramidMatchScore\PMS\clean\x64\Debug\vc110.pdb
E:\project\PyramidMatchScore\PMS\x64\Debug\pyramidMatchScore.pdb
E:\project\PyramidMatchScore\PMS\x64\Debug\pyramidMatchScore.exe
E:\project\PyramidMatchScore\PMS\x64\Debug\pyramidMatchScore.ilk
