D:\PROJECT\PYRAMIDMATCHSCORE\PMSPOS\CLEAN\X64\DEBUG\FILEIO.OBJ
D:\PROJECT\PYRAMIDMATCHSCORE\PMSPOS\CLEAN\X64\DEBUG\ADABOOST.OBJ
D:\PROJECT\PYRAMIDMATCHSCORE\PMSPOS\CLEAN\X64\DEBUG\PMS.OBJ
D:\PROJECT\PYRAMIDMATCHSCORE\PMSPOS\CLEAN\X64\DEBUG\SOURCE.OBJ
D:\PROJECT\PYRAMIDMATCHSCORE\PMSPOS\CLEAN\X64\DEBUG\VC110.PDB
D:\PROJECT\PYRAMIDMATCHSCORE\PMSPOS\X64\DEBUG\PYRAMIDMS.ILK
D:\PROJECT\PYRAMIDMATCHSCORE\PMSPOS\X64\DEBUG\PYRAMIDMS.EXE
D:\PROJECT\PYRAMIDMATCHSCORE\PMSPOS\X64\DEBUG\PYRAMIDMS.PDB
D:\project\PyramidMatchScore\PMSPos\clean\x64\Debug\adaboost.obj
D:\project\PyramidMatchScore\PMSPos\clean\x64\Debug\FileIO.obj
D:\project\PyramidMatchScore\PMSPos\clean\x64\Debug\PMS.obj
D:\project\PyramidMatchScore\PMSPos\clean\x64\Debug\Source.obj
D:\project\PyramidMatchScore\PMSPos\clean\x64\Debug\cl.command.1.tlog
D:\project\PyramidMatchScore\PMSPos\clean\x64\Debug\CL.read.1.tlog
D:\project\PyramidMatchScore\PMSPos\clean\x64\Debug\CL.write.1.tlog
D:\project\PyramidMatchScore\PMSPos\clean\x64\Debug\link-cvtres.read.1.tlog
D:\project\PyramidMatchScore\PMSPos\clean\x64\Debug\link-cvtres.write.1.tlog
D:\project\PyramidMatchScore\PMSPos\clean\x64\Debug\link-rc.read.1.tlog
D:\project\PyramidMatchScore\PMSPos\clean\x64\Debug\link-rc.write.1.tlog
D:\project\PyramidMatchScore\PMSPos\clean\x64\Debug\link.14680-cvtres.read.1.tlog
D:\project\PyramidMatchScore\PMSPos\clean\x64\Debug\link.14680-cvtres.write.1.tlog
D:\project\PyramidMatchScore\PMSPos\clean\x64\Debug\link.14680-rc.read.1.tlog
D:\project\PyramidMatchScore\PMSPos\clean\x64\Debug\link.14680-rc.write.1.tlog
D:\project\PyramidMatchScore\PMSPos\clean\x64\Debug\link.14680.read.1.tlog
D:\project\PyramidMatchScore\PMSPos\clean\x64\Debug\link.14680.write.1.tlog
D:\project\PyramidMatchScore\PMSPos\clean\x64\Debug\link.18372-cvtres.read.1.tlog
D:\project\PyramidMatchScore\PMSPos\clean\x64\Debug\link.18372-cvtres.write.1.tlog
D:\project\PyramidMatchScore\PMSPos\clean\x64\Debug\link.18372-rc.read.1.tlog
D:\project\PyramidMatchScore\PMSPos\clean\x64\Debug\link.18372-rc.write.1.tlog
D:\project\PyramidMatchScore\PMSPos\clean\x64\Debug\link.18372.read.1.tlog
D:\project\PyramidMatchScore\PMSPos\clean\x64\Debug\link.18372.write.1.tlog
D:\project\PyramidMatchScore\PMSPos\clean\x64\Debug\link.25152-cvtres.read.1.tlog
D:\project\PyramidMatchScore\PMSPos\clean\x64\Debug\link.25152-cvtres.write.1.tlog
D:\project\PyramidMatchScore\PMSPos\clean\x64\Debug\link.25152-rc.read.1.tlog
D:\project\PyramidMatchScore\PMSPos\clean\x64\Debug\link.25152-rc.write.1.tlog
D:\project\PyramidMatchScore\PMSPos\clean\x64\Debug\link.25152.read.1.tlog
D:\project\PyramidMatchScore\PMSPos\clean\x64\Debug\link.25152.write.1.tlog
D:\project\PyramidMatchScore\PMSPos\clean\x64\Debug\link.28840-cvtres.read.1.tlog
D:\project\PyramidMatchScore\PMSPos\clean\x64\Debug\link.28840-cvtres.write.1.tlog
D:\project\PyramidMatchScore\PMSPos\clean\x64\Debug\link.28840-rc.read.1.tlog
D:\project\PyramidMatchScore\PMSPos\clean\x64\Debug\link.28840-rc.write.1.tlog
D:\project\PyramidMatchScore\PMSPos\clean\x64\Debug\link.28840.read.1.tlog
D:\project\PyramidMatchScore\PMSPos\clean\x64\Debug\link.28840.write.1.tlog
D:\project\PyramidMatchScore\PMSPos\clean\x64\Debug\link.29380-cvtres.read.1.tlog
D:\project\PyramidMatchScore\PMSPos\clean\x64\Debug\link.29380-cvtres.write.1.tlog
D:\project\PyramidMatchScore\PMSPos\clean\x64\Debug\link.29380-rc.read.1.tlog
D:\project\PyramidMatchScore\PMSPos\clean\x64\Debug\link.29380-rc.write.1.tlog
D:\project\PyramidMatchScore\PMSPos\clean\x64\Debug\link.29380.read.1.tlog
D:\project\PyramidMatchScore\PMSPos\clean\x64\Debug\link.29380.write.1.tlog
D:\project\PyramidMatchScore\PMSPos\clean\x64\Debug\link.34700-cvtres.read.1.tlog
D:\project\PyramidMatchScore\PMSPos\clean\x64\Debug\link.34700-cvtres.write.1.tlog
D:\project\PyramidMatchScore\PMSPos\clean\x64\Debug\link.34700-rc.read.1.tlog
D:\project\PyramidMatchScore\PMSPos\clean\x64\Debug\link.34700-rc.write.1.tlog
D:\project\PyramidMatchScore\PMSPos\clean\x64\Debug\link.34700.read.1.tlog
D:\project\PyramidMatchScore\PMSPos\clean\x64\Debug\link.34700.write.1.tlog
D:\project\PyramidMatchScore\PMSPos\clean\x64\Debug\link.38332-cvtres.read.1.tlog
D:\project\PyramidMatchScore\PMSPos\clean\x64\Debug\link.38332-cvtres.write.1.tlog
D:\project\PyramidMatchScore\PMSPos\clean\x64\Debug\link.38332-rc.read.1.tlog
D:\project\PyramidMatchScore\PMSPos\clean\x64\Debug\link.38332-rc.write.1.tlog
D:\project\PyramidMatchScore\PMSPos\clean\x64\Debug\link.38332.read.1.tlog
D:\project\PyramidMatchScore\PMSPos\clean\x64\Debug\link.38332.write.1.tlog
D:\project\PyramidMatchScore\PMSPos\clean\x64\Debug\link.42204-cvtres.read.1.tlog
D:\project\PyramidMatchScore\PMSPos\clean\x64\Debug\link.42204-cvtres.write.1.tlog
D:\project\PyramidMatchScore\PMSPos\clean\x64\Debug\link.42204-rc.read.1.tlog
D:\project\PyramidMatchScore\PMSPos\clean\x64\Debug\link.42204-rc.write.1.tlog
D:\project\PyramidMatchScore\PMSPos\clean\x64\Debug\link.42204.read.1.tlog
D:\project\PyramidMatchScore\PMSPos\clean\x64\Debug\link.42204.write.1.tlog
D:\project\PyramidMatchScore\PMSPos\clean\x64\Debug\link.43248-cvtres.read.1.tlog
D:\project\PyramidMatchScore\PMSPos\clean\x64\Debug\link.43248-cvtres.write.1.tlog
D:\project\PyramidMatchScore\PMSPos\clean\x64\Debug\link.43248-rc.read.1.tlog
D:\project\PyramidMatchScore\PMSPos\clean\x64\Debug\link.43248-rc.write.1.tlog
D:\project\PyramidMatchScore\PMSPos\clean\x64\Debug\link.43248.read.1.tlog
D:\project\PyramidMatchScore\PMSPos\clean\x64\Debug\link.43248.write.1.tlog
D:\project\PyramidMatchScore\PMSPos\clean\x64\Debug\link.45856-cvtres.read.1.tlog
D:\project\PyramidMatchScore\PMSPos\clean\x64\Debug\link.45856-cvtres.write.1.tlog
D:\project\PyramidMatchScore\PMSPos\clean\x64\Debug\link.45856-rc.read.1.tlog
D:\project\PyramidMatchScore\PMSPos\clean\x64\Debug\link.45856-rc.write.1.tlog
D:\project\PyramidMatchScore\PMSPos\clean\x64\Debug\link.45856.read.1.tlog
D:\project\PyramidMatchScore\PMSPos\clean\x64\Debug\link.45856.write.1.tlog
D:\project\PyramidMatchScore\PMSPos\clean\x64\Debug\link.5684-cvtres.read.1.tlog
D:\project\PyramidMatchScore\PMSPos\clean\x64\Debug\link.5684-cvtres.write.1.tlog
D:\project\PyramidMatchScore\PMSPos\clean\x64\Debug\link.5684-rc.read.1.tlog
D:\project\PyramidMatchScore\PMSPos\clean\x64\Debug\link.5684-rc.write.1.tlog
D:\project\PyramidMatchScore\PMSPos\clean\x64\Debug\link.5684.read.1.tlog
D:\project\PyramidMatchScore\PMSPos\clean\x64\Debug\link.5684.write.1.tlog
D:\project\PyramidMatchScore\PMSPos\clean\x64\Debug\link.6984-cvtres.read.1.tlog
D:\project\PyramidMatchScore\PMSPos\clean\x64\Debug\link.6984-cvtres.write.1.tlog
D:\project\PyramidMatchScore\PMSPos\clean\x64\Debug\link.6984-rc.read.1.tlog
D:\project\PyramidMatchScore\PMSPos\clean\x64\Debug\link.6984-rc.write.1.tlog
D:\project\PyramidMatchScore\PMSPos\clean\x64\Debug\link.6984.read.1.tlog
D:\project\PyramidMatchScore\PMSPos\clean\x64\Debug\link.6984.write.1.tlog
D:\project\PyramidMatchScore\PMSPos\clean\x64\Debug\link.7092-cvtres.read.1.tlog
D:\project\PyramidMatchScore\PMSPos\clean\x64\Debug\link.7092-cvtres.write.1.tlog
D:\project\PyramidMatchScore\PMSPos\clean\x64\Debug\link.7092-rc.read.1.tlog
D:\project\PyramidMatchScore\PMSPos\clean\x64\Debug\link.7092-rc.write.1.tlog
D:\project\PyramidMatchScore\PMSPos\clean\x64\Debug\link.7092.read.1.tlog
D:\project\PyramidMatchScore\PMSPos\clean\x64\Debug\link.7092.write.1.tlog
D:\project\PyramidMatchScore\PMSPos\clean\x64\Debug\link.8100-cvtres.read.1.tlog
D:\project\PyramidMatchScore\PMSPos\clean\x64\Debug\link.8100-cvtres.write.1.tlog
D:\project\PyramidMatchScore\PMSPos\clean\x64\Debug\link.8100-rc.read.1.tlog
D:\project\PyramidMatchScore\PMSPos\clean\x64\Debug\link.8100-rc.write.1.tlog
D:\project\PyramidMatchScore\PMSPos\clean\x64\Debug\link.8100.read.1.tlog
D:\project\PyramidMatchScore\PMSPos\clean\x64\Debug\link.8100.write.1.tlog
D:\project\PyramidMatchScore\PMSPos\clean\x64\Debug\link.command.1.tlog
D:\project\PyramidMatchScore\PMSPos\clean\x64\Debug\link.read.1.tlog
D:\project\PyramidMatchScore\PMSPos\clean\x64\Debug\link.write.1.tlog
D:\project\PyramidMatchScore\PMSPos\clean\x64\Debug\vc110.idb
D:\project\PyramidMatchScore\PMSPos\clean\x64\Debug\vc110.pdb
D:\project\PyramidMatchScore\PMSPos\x64\Debug\pyramidMS.pdb
D:\project\PyramidMatchScore\PMSPos\x64\Debug\pyramidMS.exe
D:\project\PyramidMatchScore\PMSPos\x64\Debug\pyramidMS.ilk
